Using pre-set license
Built from '2020.3/release' branch; Version is '2020.3.15f2 (6cf78cb77498) revision 7141260'; Using compiler version '192528614'; Build Type 'Release'
OS: 'Windows 10 Home; OS build 19043.1586; Version 2009; 64bit' Language: 'en' Physical Memory: 16309 MB
BatchMode: 1, IsHumanControllingUs: 0, StartBugReporterOnCrash: 0, Is64bit: 1, IsPro: 0

 COMMAND LINE ARGUMENTS:
C:\Program Files\Unity\Hub\Editor\2020.3.15f2\Editor\Unity.exe
-adb2
-batchMode
-noUpm
-name
AssetImportWorker0
-projectPath
W:/Unity/Malevil/fps/TarkovLowPoly
-logFile
Logs/AssetImportWorker0.log
-srvPort
58041
Successfully changed project path to: W:/Unity/Malevil/fps/TarkovLowPoly
W:/Unity/Malevil/fps/TarkovLowPoly
Using Asset Import Pipeline V2.
Refreshing native plugins compatible for Editor in 57.16 ms, found 2 plugins.
Preloading 0 native plugins for Editor in 0.00 ms.
Initialize engine version: 2020.3.15f2 (6cf78cb77498)
[Subsystems] Discovering subsystems at path C:/Program Files/Unity/Hub/Editor/2020.3.15f2/Editor/Data/Resources/UnitySubsystems
[Subsystems] Discovering subsystems at path W:/Unity/Malevil/fps/TarkovLowPoly/Assets
GfxDevice: creating device client; threaded=0
Direct3D:
    Version:  Direct3D 11.0 [level 11.1]
    Renderer: NVIDIA GeForce GTX 1650 (ID=0x2188)
    Vendor:   
    VRAM:     3962 MB
    Driver:   30.0.15.1215
Initialize mono
Mono path[0] = 'C:/Program Files/Unity/Hub/Editor/2020.3.15f2/Editor/Data/Managed'
Mono path[1] = 'C:/Program Files/Unity/Hub/Editor/2020.3.15f2/Editor/Data/MonoBleedingEdge/lib/mono/unityjit'
Mono config path = 'C:/Program Files/Unity/Hub/Editor/2020.3.15f2/Editor/Data/MonoBleedingEdge/etc'
Using monoOptions --debugger-agent=transport=dt_socket,embedding=1,server=y,suspend=n,address=127.0.0.1:56320
Begin MonoManager ReloadAssembly
Registering precompiled unity dll's ...
Register platform support module: C:/Program Files/Unity/Hub/Editor/2020.3.15f2/Editor/Data/PlaybackEngines/WindowsStandaloneSupport/UnityEditor.WindowsStandalone.Extensions.dll
Registered in 0.002434 seconds.
Native extension for WindowsStandalone target not found
Refreshing native plugins compatible for Editor in 42.96 ms, found 2 plugins.
Preloading 0 native plugins for Editor in 0.00 ms.
Mono: successfully reloaded assembly
- Completed reload, in  1.048 seconds
Domain Reload Profiling:
	ReloadAssembly (1049ms)
		BeginReloadAssembly (51ms)
			ExecutionOrderSort (0ms)
			DisableScriptedObjects (0ms)
			BackupInstance (0ms)
			ReleaseScriptingObjects (0ms)
			CreateAndSetChildDomain (1ms)
		EndReloadAssembly (372ms)
			LoadAssemblies (49ms)
			RebuildTransferFunctionScriptingTraits (0ms)
			SetupTypeCache (129ms)
			ReleaseScriptCaches (0ms)
			RebuildScriptCaches (27ms)
			SetupLoadedEditorAssemblies (151ms)
				LogAssemblyErrors (0ms)
				InitializePlatformSupportModulesInManaged (5ms)
				SetLoadedEditorAssemblies (0ms)
				RefreshPlugins (44ms)
				BeforeProcessingInitializeOnLoad (12ms)
				ProcessInitializeOnLoadAttributes (68ms)
				ProcessInitializeOnLoadMethodAttributes (23ms)
				AfterProcessingInitializeOnLoad (0ms)
				EditorAssembliesLoaded (0ms)
			ExecutionOrderSort2 (0ms)
			AwakeInstancesAfterBackupRestoration (0ms)
Platform modules already initialized, skipping
Registering precompiled user dll's ...
Registered in 0.039091 seconds.
Begin MonoManager ReloadAssembly
Native extension for WindowsStandalone target not found
Refreshing native plugins compatible for Editor in 0.72 ms, found 2 plugins.
Preloading 0 native plugins for Editor in 0.00 ms.
Mono: successfully reloaded assembly
- Completed reload, in  3.502 seconds
Domain Reload Profiling:
	ReloadAssembly (4095ms)
		BeginReloadAssembly (133ms)
			ExecutionOrderSort (0ms)
			DisableScriptedObjects (4ms)
			BackupInstance (0ms)
			ReleaseScriptingObjects (0ms)
			CreateAndSetChildDomain (17ms)
		EndReloadAssembly (3902ms)
			LoadAssemblies (95ms)
			RebuildTransferFunctionScriptingTraits (0ms)
			SetupTypeCache (255ms)
			ReleaseScriptCaches (0ms)
			RebuildScriptCaches (42ms)
			SetupLoadedEditorAssemblies (1922ms)
				LogAssemblyErrors (0ms)
				InitializePlatformSupportModulesInManaged (5ms)
				SetLoadedEditorAssemblies (1ms)
				RefreshPlugins (1ms)
				BeforeProcessingInitializeOnLoad (97ms)
				ProcessInitializeOnLoadAttributes (749ms)
				ProcessInitializeOnLoadMethodAttributes (1061ms)
				AfterProcessingInitializeOnLoad (7ms)
				EditorAssembliesLoaded (0ms)
			ExecutionOrderSort2 (0ms)
			AwakeInstancesAfterBackupRestoration (5ms)
Platform modules already initialized, skipping
========================================================================
Worker process is ready to serve import requests
Launched and connected shader compiler UnityShaderCompiler.exe after 0.05 seconds
Refreshing native plugins compatible for Editor in 0.73 ms, found 2 plugins.
Preloading 0 native plugins for Editor in 0.00 ms.
Unloading 2351 Unused Serialized files (Serialized files now loaded: 0)
System memory in use before: 102.2 MB.
System memory in use after: 102.3 MB.

Unloading 60 unused Assets to reduce memory usage. Loaded Objects now: 2761.
Total: 5.756900 ms (FindLiveObjects: 0.356100 ms CreateObjectMapping: 0.140100 ms MarkObjects: 5.166800 ms  DeleteObjects: 0.092900 ms)

AssetImportParameters requested are different than current active one (requested -> active):
  custom:framework-win-MediaFoundation: 216162199b28c13a410421893ffa2e32 -> 
  custom:video-decoder-ogg-theora: a1e56fd34408186e4bbccfd4996cb3dc -> 
  custom:container-muxer-webm: aa71ff27fc2769a1b78a27578f13a17b -> 
  custom:container-demuxer-webm: 4f35f7cbe854078d1ac9338744f61a02 -> 
  custom:container-demuxer-ogg: 62fdf1f143b41e24485cea50d1cbac27 -> 
  custom:video-encoder-webm-vp8: eb34c28f22e8b96e1ab97ce403110664 -> 
  custom:video-decoder-webm-vp8: 9c59270c3fd7afecdb556c50c9e8de78 -> 
  custom:audio-decoder-ogg-vorbis: bf7c407c2cedff20999df2af8eb42d56 -> 
  custom:audio-encoder-webm-vorbis: bf7c407c2cedff20999df2af8eb42d56 -> 
========================================================================
Received Import Request.
  path: Assets/liquid/Models/bush.blend
  artifactKey: Guid(0cbdc68b14f75d841b6413f77f4d9723) Importer(815301076,1909f56bfc062723c751e8b465ee728b)
Start importing Assets/liquid/Models/bush.blend using Guid(0cbdc68b14f75d841b6413f77f4d9723) Importer(815301076,1909f56bfc062723c751e8b465ee728b)  -> (artifact id: 'd1b9041eb2c4240e844bcc3f3b936269') in 0.160284 seconds 
  Import took 0.250061 seconds .

========================================================================
Received Import Request.
  Time since last request: 53.281188 seconds.
  path: Assets/liquid/Models/bush.blend
  artifactKey: Guid(0cbdc68b14f75d841b6413f77f4d9723) Importer(815301076,1909f56bfc062723c751e8b465ee728b)
Start importing Assets/liquid/Models/bush.blend using Guid(0cbdc68b14f75d841b6413f77f4d9723) Importer(815301076,1909f56bfc062723c751e8b465ee728b)  -> (artifact id: '573f8b74a6aac2c82c0be182e132cfe0') in 0.067874 seconds 
  Import took 0.133770 seconds .

========================================================================
Received Import Request.
  Time since last request: 261.496060 seconds.
  path: Assets/liquid/Models/bush.blend
  artifactKey: Guid(0cbdc68b14f75d841b6413f77f4d9723) Importer(815301076,1909f56bfc062723c751e8b465ee728b)
Start importing Assets/liquid/Models/bush.blend using Guid(0cbdc68b14f75d841b6413f77f4d9723) Importer(815301076,1909f56bfc062723c751e8b465ee728b)  -> (artifact id: '8d32b24134983d8c91ee1f7d62d5a5f4') in 0.110299 seconds 
  Import took 0.221681 seconds .

========================================================================
Received Import Request.
  Time since last request: 4529.740505 seconds.
  path: Assets/liquid/Models/bush.blend
  artifactKey: Guid(0cbdc68b14f75d841b6413f77f4d9723) Importer(815301076,1909f56bfc062723c751e8b465ee728b)
Start importing Assets/liquid/Models/bush.blend using Guid(0cbdc68b14f75d841b6413f77f4d9723) Importer(815301076,1909f56bfc062723c751e8b465ee728b)  -> (artifact id: '5b0421c2e20b58f8885b0137784ddb37') in 0.417891 seconds 
  Import took 0.536423 seconds .

========================================================================
Received Import Request.
  Time since last request: 4888.713890 seconds.
  path: Assets/liquid/Models/bush.blend
  artifactKey: Guid(0cbdc68b14f75d841b6413f77f4d9723) Importer(815301076,1909f56bfc062723c751e8b465ee728b)
Start importing Assets/liquid/Models/bush.blend using Guid(0cbdc68b14f75d841b6413f77f4d9723) Importer(815301076,1909f56bfc062723c751e8b465ee728b)  -> (artifact id: '4b468495dce8f859dc7cc6618973bd05') in 0.180430 seconds 
  Import took 0.243411 seconds .

========================================================================
Received Import Request.
  Time since last request: 11.461035 seconds.
  path: Assets/liquid/Materials/leafs.png
  artifactKey: Guid(b1d492479c8dfe14396901f12340ca07) Importer(815301076,1909f56bfc062723c751e8b465ee728b)
Start importing Assets/liquid/Materials/leafs.png using Guid(b1d492479c8dfe14396901f12340ca07) Importer(815301076,1909f56bfc062723c751e8b465ee728b)  -> (artifact id: 'c217b57defe5043430d4d17c895f1022') in 0.198484 seconds 
  Import took 0.298065 seconds .

========================================================================
Received Import Request.
  Time since last request: 0.004337 seconds.
  path: Assets/liquid/Materials/leafs.png
  artifactKey: Guid(b1d492479c8dfe14396901f12340ca07) Importer(815301076,1909f56bfc062723c751e8b465ee728b)
Start importing Assets/liquid/Materials/leafs.png using Guid(b1d492479c8dfe14396901f12340ca07) Importer(815301076,1909f56bfc062723c751e8b465ee728b)  -> (artifact id: 'c217b57defe5043430d4d17c895f1022') in 0.012064 seconds 
  Import took 0.020796 seconds .

========================================================================
Received Import Request.
  Time since last request: 7.997611 seconds.
  path: Assets/liquid/Materials/Leaf_mat.mat
  artifactKey: Guid(d669100b5af27b044a2391cb8d846a96) Importer(815301076,1909f56bfc062723c751e8b465ee728b)
Start importing Assets/liquid/Materials/Leaf_mat.mat using Guid(d669100b5af27b044a2391cb8d846a96) Importer(815301076,1909f56bfc062723c751e8b465ee728b)  -> (artifact id: '3721e2bcda3c82c296d11c5c338cbd65') in 0.023154 seconds 
  Import took 0.059865 seconds .

========================================================================
Received Import Request.
  Time since last request: 41.123955 seconds.
  path: Assets/liquid/Materials/leafs.png
  artifactKey: Guid(b1d492479c8dfe14396901f12340ca07) Importer(815301076,1909f56bfc062723c751e8b465ee728b)
Start importing Assets/liquid/Materials/leafs.png using Guid(b1d492479c8dfe14396901f12340ca07) Importer(815301076,1909f56bfc062723c751e8b465ee728b)  -> (artifact id: 'e5e038940d87e0864935ff440ce40f62') in 0.019472 seconds 
  Import took 0.087360 seconds .

========================================================================
Received Import Request.
  Time since last request: 7.663650 seconds.
  path: Assets/liquid/Materials/leafs.png
  artifactKey: Guid(b1d492479c8dfe14396901f12340ca07) Importer(815301076,1909f56bfc062723c751e8b465ee728b)
Start importing Assets/liquid/Materials/leafs.png using Guid(b1d492479c8dfe14396901f12340ca07) Importer(815301076,1909f56bfc062723c751e8b465ee728b)  -> (artifact id: '6bdea28b774441d91114c5d2909b3f83') in 0.013067 seconds 
  Import took 0.047484 seconds .

========================================================================
Received Import Request.
  Time since last request: 158.176927 seconds.
  path: Assets/liquid/Fonts/airstrikeplat.asset
  artifactKey: Guid(37df63d9b5d67fc409ffcbf8e4563005) Importer(815301076,1909f56bfc062723c751e8b465ee728b)
Start importing Assets/liquid/Fonts/airstrikeplat.asset using Guid(37df63d9b5d67fc409ffcbf8e4563005) Importer(815301076,1909f56bfc062723c751e8b465ee728b)  -> (artifact id: 'eac907a091796fa4f79787889f73be30') in 0.673468 seconds 
  Import took 0.784491 seconds .

========================================================================
Received Import Request.
  Time since last request: 0.000877 seconds.
  path: Assets/liquid/Textures/istockphoto-185257478-612x612.jpg
  artifactKey: Guid(16d06e663d1a34443ab86f0b0218edb5) Importer(815301076,1909f56bfc062723c751e8b465ee728b)
Start importing Assets/liquid/Textures/istockphoto-185257478-612x612.jpg using Guid(16d06e663d1a34443ab86f0b0218edb5) Importer(815301076,1909f56bfc062723c751e8b465ee728b)  -> (artifact id: '0ca6d85545c25a3e74ddac7cd767cc0e') in 0.034196 seconds 
  Import took 0.114777 seconds .

========================================================================
Received Import Request.
  Time since last request: 0.000872 seconds.
  path: Assets/TextMesh Pro/Sprites/EmojiOne.png
  artifactKey: Guid(dffef66376be4fa480fb02b19edbe903) Importer(815301076,1909f56bfc062723c751e8b465ee728b)
Start importing Assets/TextMesh Pro/Sprites/EmojiOne.png using Guid(dffef66376be4fa480fb02b19edbe903) Importer(815301076,1909f56bfc062723c751e8b465ee728b)  -> (artifact id: 'd78a27303d38c5bc73b55289faa0930d') in 0.035666 seconds 
  Import took 0.146198 seconds .

========================================================================
Received Import Request.
  Time since last request: 0.007406 seconds.
  path: Assets/TextMesh Pro/Resources/Fonts & Materials/LiberationSans SDF - Fallback.asset
  artifactKey: Guid(2e498d1c8094910479dc3e1b768306a4) Importer(815301076,1909f56bfc062723c751e8b465ee728b)
Start importing Assets/TextMesh Pro/Resources/Fonts & Materials/LiberationSans SDF - Fallback.asset using Guid(2e498d1c8094910479dc3e1b768306a4) Importer(815301076,1909f56bfc062723c751e8b465ee728b)  -> (artifact id: 'bc4896de5e16efa06019381bcf98fb17') in 0.138337 seconds 
  Import took 0.170613 seconds .

========================================================================
Received Import Request.
  Time since last request: 0.000804 seconds.
  path: Assets/liquid/Textures/color.png
  artifactKey: Guid(b4b8623adf9f8d841abe3b035f1f50f1) Importer(815301076,1909f56bfc062723c751e8b465ee728b)
Start importing Assets/liquid/Textures/color.png using Guid(b4b8623adf9f8d841abe3b035f1f50f1) Importer(815301076,1909f56bfc062723c751e8b465ee728b)  -> (artifact id: '1cbb3a4b4a84d818ff2d6756abdb4efa') in 0.091795 seconds 
  Import took 0.190609 seconds .

========================================================================
Received Import Request.
  Time since last request: 0.000943 seconds.
  path: Packages/com.unity.purchasing/Icons/LinkBlack.png
  artifactKey: Guid(33d3dd2c39dfd49a3b2d36b20225624a) Importer(815301076,1909f56bfc062723c751e8b465ee728b)
Start importing Packages/com.unity.purchasing/Icons/LinkBlack.png using Guid(33d3dd2c39dfd49a3b2d36b20225624a) Importer(815301076,1909f56bfc062723c751e8b465ee728b)  -> (artifact id: '6773dec06f9e18e47b3cedf3d6d1ab34') in 0.107940 seconds 
  Import took 0.223001 seconds .

========================================================================
Received Import Request.
  Time since last request: 0.000793 seconds.
  path: Assets/TextMesh Pro/Resources/Fonts & Materials/LiberationSans SDF.asset
  artifactKey: Guid(8f586378b4e144a9851e7b34d9b748ee) Importer(815301076,1909f56bfc062723c751e8b465ee728b)
Start importing Assets/TextMesh Pro/Resources/Fonts & Materials/LiberationSans SDF.asset using Guid(8f586378b4e144a9851e7b34d9b748ee) Importer(815301076,1909f56bfc062723c751e8b465ee728b)  -> (artifact id: 'f1280cc7be10b532b2897fc8654f95d3') in 0.082858 seconds 
  Import took 0.181037 seconds .

========================================================================
Received Import Request.
  Time since last request: 0.000841 seconds.
  path: Packages/com.unity.purchasing/Icons/LinkWhite.png
  artifactKey: Guid(e679a29ca22bc4fa0bd848bd79a42b79) Importer(815301076,1909f56bfc062723c751e8b465ee728b)
Start importing Packages/com.unity.purchasing/Icons/LinkWhite.png using Guid(e679a29ca22bc4fa0bd848bd79a42b79) Importer(815301076,1909f56bfc062723c751e8b465ee728b)  -> (artifact id: '3ade22b1dd2736ac9bbfa7f32daf783a') in 0.093028 seconds 
  Import took 0.152605 seconds .

========================================================================
Received Import Request.
  Time since last request: 58.416068 seconds.
  path: Packages/com.unity.purchasing/Icons/UnityEngine.Purchasing.IAPButtonIcon.png
  artifactKey: Guid(55e457740fe60405dac77af143e1a867) Importer(815301076,1909f56bfc062723c751e8b465ee728b)
Start importing Packages/com.unity.purchasing/Icons/UnityEngine.Purchasing.IAPButtonIcon.png using Guid(55e457740fe60405dac77af143e1a867) Importer(815301076,1909f56bfc062723c751e8b465ee728b)  -> (artifact id: '6b22b6584e36fb8728e429783a965ca0') in 0.032446 seconds 
  Import took 0.067380 seconds .

========================================================================
Received Import Request.
  Time since last request: 1.489318 seconds.
  path: Assets/liquid/Textures/Untitledq.png
  artifactKey: Guid(189ba4358970cfa44ab832fca886892f) Importer(815301076,1909f56bfc062723c751e8b465ee728b)
Start importing Assets/liquid/Textures/Untitledq.png using Guid(189ba4358970cfa44ab832fca886892f) Importer(815301076,1909f56bfc062723c751e8b465ee728b)  -> (artifact id: '87250eddffc261b3c95d711da7d2b1ac') in 0.076332 seconds 
  Import took 0.117137 seconds .

========================================================================
Received Import Request.
  Time since last request: 4537.070585 seconds.
  path: Assets/liquid/Materials/Leaf_mat.mat
  artifactKey: Guid(d669100b5af27b044a2391cb8d846a96) Importer(815301076,1909f56bfc062723c751e8b465ee728b)
Start importing Assets/liquid/Materials/Leaf_mat.mat using Guid(d669100b5af27b044a2391cb8d846a96) Importer(815301076,1909f56bfc062723c751e8b465ee728b)  -> (artifact id: 'a27a342c243c52d6e8cac109b884ba65') in 0.204404 seconds 
  Import took 0.287201 seconds .

========================================================================
Received Import Request.
  Time since last request: 656.567386 seconds.
  path: Assets/liquid/Materials/NoBackFaceShader.shader
  artifactKey: Guid(9e2dfd3b111365b4eac0fcf558b371af) Importer(815301076,1909f56bfc062723c751e8b465ee728b)
Start importing Assets/liquid/Materials/NoBackFaceShader.shader using Guid(9e2dfd3b111365b4eac0fcf558b371af) Importer(815301076,1909f56bfc062723c751e8b465ee728b)  -> (artifact id: '3a1ec39c30863aa3ea7428a62d845ae3') in 0.022834 seconds 
  Import took 0.061619 seconds .

========================================================================
Received Import Request.
  Time since last request: 142.912736 seconds.
  path: Assets/liquid/Materials/NoBackFaceShader.shader
  artifactKey: Guid(9e2dfd3b111365b4eac0fcf558b371af) Importer(815301076,1909f56bfc062723c751e8b465ee728b)
Start importing Assets/liquid/Materials/NoBackFaceShader.shader using Guid(9e2dfd3b111365b4eac0fcf558b371af) Importer(815301076,1909f56bfc062723c751e8b465ee728b)  -> (artifact id: '6e032b43125e041b22eee3b1b1efc118') in 0.005818 seconds 
  Import took 0.050081 seconds .

========================================================================
Received Import Request.
  Time since last request: 0.011767 seconds.
  path: Assets/liquid/Materials/NoBackFaceShader.shader
  artifactKey: Guid(9e2dfd3b111365b4eac0fcf558b371af) Importer(815301076,1909f56bfc062723c751e8b465ee728b)
Start importing Assets/liquid/Materials/NoBackFaceShader.shader using Guid(9e2dfd3b111365b4eac0fcf558b371af) Importer(815301076,1909f56bfc062723c751e8b465ee728b)  -> (artifact id: '6e032b43125e041b22eee3b1b1efc118') in 0.004977 seconds 
  Import took 0.080910 seconds .

========================================================================
Received Import Request.
  Time since last request: 91.007377 seconds.
  path: Assets/liquid/Materials/NoBackFaceShader.shader
  artifactKey: Guid(9e2dfd3b111365b4eac0fcf558b371af) Importer(815301076,1909f56bfc062723c751e8b465ee728b)
Start importing Assets/liquid/Materials/NoBackFaceShader.shader using Guid(9e2dfd3b111365b4eac0fcf558b371af) Importer(815301076,1909f56bfc062723c751e8b465ee728b)  -> (artifact id: 'f9ba9e173f4a6e3b596f277e32620d3d') in 0.010049 seconds 
  Import took 0.019050 seconds .

========================================================================
Received Import Request.
  Time since last request: 146.048702 seconds.
  path: Assets/TextMesh Pro/Resources/Fonts & Materials/LiberationSans SDF - Drop Shadow.mat
  artifactKey: Guid(e73a58f6e2794ae7b1b7e50b7fb811b0) Importer(815301076,1909f56bfc062723c751e8b465ee728b)
Start importing Assets/TextMesh Pro/Resources/Fonts & Materials/LiberationSans SDF - Drop Shadow.mat using Guid(e73a58f6e2794ae7b1b7e50b7fb811b0) Importer(815301076,1909f56bfc062723c751e8b465ee728b)  -> (artifact id: 'ca0d2861f60500f05bd29199894f7bb5') in 0.229385 seconds 
  Import took 0.239472 seconds .

========================================================================
Received Import Request.
  Time since last request: 0.001033 seconds.
  path: Packages/com.unity.timeline/Editor/StyleSheets/Images/Shared/TimelineBottomShadow.png
  artifactKey: Guid(db66ea47c76423f4a881937d34495801) Importer(815301076,1909f56bfc062723c751e8b465ee728b)
Start importing Packages/com.unity.timeline/Editor/StyleSheets/Images/Shared/TimelineBottomShadow.png using Guid(db66ea47c76423f4a881937d34495801) Importer(815301076,1909f56bfc062723c751e8b465ee728b)  -> (artifact id: '4ebaa9d4c5c912ca2919d790a61a4aa8') in 0.102619 seconds 
  Import took 0.112517 seconds .

========================================================================
Received Import Request.
  Time since last request: 0.001029 seconds.
  path: Packages/com.unity.timeline/Editor/StyleSheets/Images/LightSkin/TimelineInfiniteTrackNoShadow.png
  artifactKey: Guid(69ff79f863a32ad44a9497d4896d9d1c) Importer(815301076,1909f56bfc062723c751e8b465ee728b)
Start importing Packages/com.unity.timeline/Editor/StyleSheets/Images/LightSkin/TimelineInfiniteTrackNoShadow.png using Guid(69ff79f863a32ad44a9497d4896d9d1c) Importer(815301076,1909f56bfc062723c751e8b465ee728b)  -> (artifact id: 'a01c7671712ef4681672fe86c7d82773') in 0.011451 seconds 
  Import took 0.020859 seconds .

========================================================================
Received Import Request.
  Time since last request: 0.001069 seconds.
  path: Packages/com.unity.timeline/Editor/StyleSheets/Images/DarkSkin/TimelineInfiniteTrackNoShadow.png
  artifactKey: Guid(eae63adb172f1164db61a7f4bdfc3637) Importer(815301076,1909f56bfc062723c751e8b465ee728b)
Start importing Packages/com.unity.timeline/Editor/StyleSheets/Images/DarkSkin/TimelineInfiniteTrackNoShadow.png using Guid(eae63adb172f1164db61a7f4bdfc3637) Importer(815301076,1909f56bfc062723c751e8b465ee728b)  -> (artifact id: '09f2d022e7750dd3c5742d310025ecf6') in 0.042130 seconds 
  Import took 0.050553 seconds .

========================================================================
Received Import Request.
  Time since last request: 2.122813 seconds.
  path: Packages/com.unity.animation.rigging/Editor/Shaders
  artifactKey: Guid(6549b8b30f0b56746bf9d9a2f6061663) Importer(815301076,1909f56bfc062723c751e8b465ee728b)
Start importing Packages/com.unity.animation.rigging/Editor/Shaders using Guid(6549b8b30f0b56746bf9d9a2f6061663) Importer(815301076,1909f56bfc062723c751e8b465ee728b)  -> (artifact id: '1eb54846cc65264fec6af6c0a8e1cbec') in 0.039530 seconds 
  Import took 0.047290 seconds .

========================================================================
Received Import Request.
  Time since last request: 1.766061 seconds.
  path: Packages/com.unity.animation.rigging/Editor/Unity.Animation.Rigging.Editor.asmdef
  artifactKey: Guid(af4a3ceb227b8f94cb8375f40e156398) Importer(815301076,1909f56bfc062723c751e8b465ee728b)
Start importing Packages/com.unity.animation.rigging/Editor/Unity.Animation.Rigging.Editor.asmdef using Guid(af4a3ceb227b8f94cb8375f40e156398) Importer(815301076,1909f56bfc062723c751e8b465ee728b)  -> (artifact id: '578284bec5ea5e2b6284946514ee06bf') in 0.045172 seconds 
  Import took 0.061442 seconds .

========================================================================
Received Import Request.
  Time since last request: 4.083468 seconds.
  path: Assets/TextMesh Pro/Shaders
  artifactKey: Guid(e9f693669af91aa45ad615fc681ed29f) Importer(815301076,1909f56bfc062723c751e8b465ee728b)
Start importing Assets/TextMesh Pro/Shaders using Guid(e9f693669af91aa45ad615fc681ed29f) Importer(815301076,1909f56bfc062723c751e8b465ee728b)  -> (artifact id: '486066d15e4e2d1f404625b357b63227') in 0.003749 seconds 
  Import took 0.012574 seconds .

========================================================================
Received Import Request.
  Time since last request: 7.773194 seconds.
  path: Packages/com.unity.textmeshpro/Editor Resources/Shaders
  artifactKey: Guid(2da27f5fe80a3a549ac7331d9f52f5f0) Importer(815301076,1909f56bfc062723c751e8b465ee728b)
Start importing Packages/com.unity.textmeshpro/Editor Resources/Shaders using Guid(2da27f5fe80a3a549ac7331d9f52f5f0) Importer(815301076,1909f56bfc062723c751e8b465ee728b)  -> (artifact id: 'de4635555e24339155348497d071b939') in 0.004062 seconds 
  Import took 0.011905 seconds .

========================================================================
Received Import Request.
  Time since last request: 11.211357 seconds.
  path: Assets/liquid/Models/bush.blend
  artifactKey: Guid(0cbdc68b14f75d841b6413f77f4d9723) Importer(815301076,1909f56bfc062723c751e8b465ee728b)
Start importing Assets/liquid/Models/bush.blend using Guid(0cbdc68b14f75d841b6413f77f4d9723) Importer(815301076,1909f56bfc062723c751e8b465ee728b)  -> (artifact id: 'a9d8e2a331ce3eb61fc6b537368f5a36') in 0.190712 seconds 
  Import took 0.199995 seconds .

========================================================================
Received Import Request.
  Time since last request: 21.725570 seconds.
  path: Assets/liquid/Materials/NoBackFaceShader.shader
  artifactKey: Guid(9e2dfd3b111365b4eac0fcf558b371af) Importer(815301076,1909f56bfc062723c751e8b465ee728b)
Start importing Assets/liquid/Materials/NoBackFaceShader.shader using Guid(9e2dfd3b111365b4eac0fcf558b371af) Importer(815301076,1909f56bfc062723c751e8b465ee728b)  -> (artifact id: 'd299164d7e64b1eac878eae55c486063') in 0.007760 seconds 
  Import took 0.017861 seconds .

========================================================================
Received Import Request.
  Time since last request: 0.002014 seconds.
  path: Assets/liquid/Materials/NoBackFaceShader.shader
  artifactKey: Guid(9e2dfd3b111365b4eac0fcf558b371af) Importer(815301076,1909f56bfc062723c751e8b465ee728b)
Start importing Assets/liquid/Materials/NoBackFaceShader.shader using Guid(9e2dfd3b111365b4eac0fcf558b371af) Importer(815301076,1909f56bfc062723c751e8b465ee728b)  -> (artifact id: 'd299164d7e64b1eac878eae55c486063') in 0.030028 seconds 
  Import took 0.041224 seconds .

========================================================================
Received Prepare
Registering precompiled user dll's ...
Registered in 0.022327 seconds.
Begin MonoManager ReloadAssembly
Native extension for WindowsStandalone target not found
Refreshing native plugins compatible for Editor in 0.77 ms, found 2 plugins.
Preloading 0 native plugins for Editor in 0.00 ms.
Mono: successfully reloaded assembly
- Completed reload, in  1.662 seconds
Domain Reload Profiling:
	ReloadAssembly (1668ms)
		BeginReloadAssembly (402ms)
			ExecutionOrderSort (0ms)
			DisableScriptedObjects (29ms)
			BackupInstance (0ms)
			ReleaseScriptingObjects (0ms)
			CreateAndSetChildDomain (218ms)
		EndReloadAssembly (1196ms)
			LoadAssemblies (133ms)
			RebuildTransferFunctionScriptingTraits (0ms)
			SetupTypeCache (300ms)
			ReleaseScriptCaches (1ms)
			RebuildScriptCaches (47ms)
			SetupLoadedEditorAssemblies (598ms)
				LogAssemblyErrors (0ms)
				InitializePlatformSupportModulesInManaged (6ms)
				SetLoadedEditorAssemblies (0ms)
				RefreshPlugins (2ms)
				BeforeProcessingInitializeOnLoad (92ms)
				ProcessInitializeOnLoadAttributes (455ms)
				ProcessInitializeOnLoadMethodAttributes (35ms)
				AfterProcessingInitializeOnLoad (8ms)
				EditorAssembliesLoaded (0ms)
			ExecutionOrderSort2 (0ms)
			AwakeInstancesAfterBackupRestoration (7ms)
Platform modules already initialized, skipping
Refreshing native plugins compatible for Editor in 0.77 ms, found 2 plugins.
Preloading 0 native plugins for Editor in 0.00 ms.
Unloading 2332 Unused Serialized files (Serialized files now loaded: 0)
System memory in use before: 105.2 MB.
System memory in use after: 105.1 MB.

Unloading 53 unused Assets to reduce memory usage. Loaded Objects now: 2816.
Total: 7.003400 ms (FindLiveObjects: 0.247500 ms CreateObjectMapping: 0.056400 ms MarkObjects: 6.320900 ms  DeleteObjects: 0.376800 ms)

AssetImportParameters requested are different than current active one (requested -> active):
  custom:framework-win-MediaFoundation: 216162199b28c13a410421893ffa2e32 -> 
  custom:video-decoder-ogg-theora: a1e56fd34408186e4bbccfd4996cb3dc -> 
  custom:container-muxer-webm: aa71ff27fc2769a1b78a27578f13a17b -> 
  custom:container-demuxer-webm: 4f35f7cbe854078d1ac9338744f61a02 -> 
  custom:container-demuxer-ogg: 62fdf1f143b41e24485cea50d1cbac27 -> 
  custom:video-encoder-webm-vp8: eb34c28f22e8b96e1ab97ce403110664 -> 
  custom:video-decoder-webm-vp8: 9c59270c3fd7afecdb556c50c9e8de78 -> 
  custom:audio-decoder-ogg-vorbis: bf7c407c2cedff20999df2af8eb42d56 -> 
  custom:audio-encoder-webm-vorbis: bf7c407c2cedff20999df2af8eb42d56 -> 
AssetImportWorkerClient::OnTransportError - code=2 error=End of file
